INFO:root: final_simplex: (array([[-0.34099607,  3.14362654,  1.93837794],
       [-0.34092742,  3.1436222 ,  1.93839385],
       [-0.34095611,  3.14362449,  1.93836533],
       [-0.34099839,  3.14363048,  1.93837716]]), array([41.6158688, 41.6158688, 41.6158688, 41.6158688]))
           fun: 41.61586879901948
       message: 'Optimization terminated successfully.'
          nfev: 197
           nit: 110
        status: 0
       success: True
             x: array([-0.34099607,  3.14362654,  1.93837794])
INFO:root:                                 OLS Regression Results                                
=======================================================================================
Dep. Variable:                      y   R-squared (uncentered):                   0.997
Model:                            OLS   Adj. R-squared (uncentered):              0.997
Method:                 Least Squares   F-statistic:                              6675.
Date:                Mon, 16 Nov 2020   Prob (F-statistic):                    1.15e-25
Time:                        15:36:20   Log-Likelihood:                         -41.699
No. Observations:                  20   AIC:                                      85.40
Df Residuals:                      19   BIC:                                      86.39
Df Model:                           1                                                  
Covariance Type:            nonrobust                                                  
==============================================================================
                 coef    std err          t      P>|t|      [0.025      0.975]
------------------------------------------------------------------------------
constant            0          0        nan        nan           0           0
x              3.1187      0.038     81.700      0.000       3.039       3.199
==============================================================================
Omnibus:                        0.298   Durbin-Watson:                   2.351
Prob(Omnibus):                  0.861   Jarque-Bera (JB):                0.464
Skew:                          -0.011   Prob(JB):                        0.793
Kurtosis:                       2.254   Cond. No.                          inf
==============================================================================

Notes:
[1] R² is computed without centering (uncentered) since the model does not contain a constant.
[2] Standard Errors assume that the covariance matrix of the errors is correctly specified.
[3] The smallest eigenvalue is      0. This might indicate that there are
strong multicollinearity problems or that the design matrix is singular.
